Arguments: 
  C:\Program Files\nodejs\node.exe C:\Users\svcs\AppData\Roaming\npm\node_modules\yarn\bin\yarn.js install

PATH: 
  C:\Python39\Scripts\;C:\Python39\;C:\Program Files (x86)\Intel\iCLS Client\;C:\Program Files\Intel\iCLS Client\;C:\Windows\system32;C:\Windows;C:\Windows\System32\Wbem;C:\Windows\System32\WindowsPowerShell\v1.0\;C:\Windows\System32\OpenSSH\;C:\Program Files (x86)\Intel\Intel(R) Management Engine Components\DAL;C:\Program Files\Intel\Intel(R) Management Engine Components\DAL;C:\Program Files (x86)\Intel\Intel(R) Management Engine Components\IPT;C:\Program Files\Intel\Intel(R) Management Engine Components\IPT;C:\Program Files\Intel\WiFi\bin\;C:\Program Files\Common Files\Intel\WirelessCommon\;C:\Program Files\Microsoft SQL Server\Client SDK\ODBC\170\Tools\Binn\;C:\Program Files (x86)\Microsoft SQL Server\150\Tools\Binn\;C:\Program Files\Microsoft SQL Server\150\Tools\Binn\;C:\Program Files\Microsoft SQL Server\150\DTS\Binn\;C:\Program Files (x86)\Microsoft SQL Server\150\DTS\Binn\;C:\Program Files\Azure Data Studio\bin;C:\Program Files\Git\cmd;C:\Program Files\nodejs\;C:\ProgramData\chocolatey\bin;C:\Users\svcs\AppData\Local\Microsoft\WindowsApps;C:\Program Files\Intel\WiFi\bin\;C:\Program Files\Common Files\Intel\WirelessCommon\;C:\Users\svcs\AppData\Local\Programs\Microsoft VS Code\bin;C:\Program Files\Azure Data Studio\bin;C:\Users\svcs\AppData\Roaming\npm;C:\Users\svcs\AppData\Local\GitHubDesktop\bin

Yarn version: 
  1.22.10

Node version: 
  14.17.1

Platform: 
  win32 x64

Trace: 
  Error: https://registry.yarnpkg.com/rxjs/-/rxjs-6.6.7.tgz: ESOCKETTIMEDOUT
      at ClientRequest.<anonymous> (C:\Users\svcs\AppData\Roaming\npm\node_modules\yarn\lib\cli.js:141289:19)
      at Object.onceWrapper (events.js:481:28)
      at ClientRequest.emit (events.js:375:28)
      at TLSSocket.emitRequestTimeout (_http_client.js:790:9)
      at Object.onceWrapper (events.js:481:28)
      at TLSSocket.emit (events.js:387:35)
      at TLSSocket.Socket._onTimeout (net.js:484:8)
      at listOnTimeout (internal/timers.js:557:17)
      at processTimers (internal/timers.js:500:7)

npm manifest: 
  {
      "name": "gooddata-app-sai",
      "version": "0.1.0",
      "private": true,
      "dependencies": {
          "@gooddata/sdk-backend-bear": "^8.5.0",
          "@gooddata/sdk-model": "^8.5.0",
          "@gooddata/sdk-ui": "^8.5.0",
          "@gooddata/sdk-ui-charts": "^8.5.0",
          "@gooddata/sdk-ui-ext": "^8.5.0",
          "@gooddata/sdk-ui-filters": "^8.5.0",
          "@gooddata/sdk-ui-geo": "^8.5.0",
          "@gooddata/sdk-ui-pivot": "^8.5.0",
          "@material-ui/core": "^4.11.4",
          "apexcharts": "^3.27.2",
          "classnames": "^2.3.1",
          "formik": "^2.2.9",
          "highcharts": "^9.1.2",
          "highcharts-react-official": "^3.0.0",
          "lodash": "^4.17.15",
          "react": "^16.8.6",
          "react-apexcharts": "^1.3.9",
          "react-dom": "^16.8.6",
          "react-helmet": "^5.2.1",
          "react-router-dom": "^5.0.1",
          "react-router-use-location-state": "^2.3.1",
          "react-scripts": "4.0.3",
          "use-location-state": "^2.3.1",
          "yup": "^0.32.9"
      },
      "scripts": {
          "start": "cross-env HTTPS=false PORT=3000 react-scripts start",
          "build": "react-scripts build",
          "build-with-explicit-hostname": "cross-env REACT_APP_SET_HOSTNAME=true npm run build",
          "eject": "react-scripts eject",
          "test": "react-scripts test --setupFilesAfterEnv ./jest.setup.js",
          "testcafe-backend": "rm -R ./build & yarn build & serve -l 5000 build",
          "testcafe": "cross-env TEST_BACKEND=http://localhost:5000 ./scripts/run-testcafe.js",
          "testcafe-visual": "cross-env TEST_MODE=visual ./scripts/run-testcafe.js",
          "refresh-md": "node ./scripts/refresh-md.js"
      },
      "eslintConfig": {
          "extends": "react-app"
      },
      "browserslist": {
          "production": [
              ">0.2%",
              "not dead",
              "not op_mini all"
          ],
          "development": [
              "last 1 chrome version",
              "last 1 firefox version",
              "last 1 safari version"
          ]
      },
      "devDependencies": {
          "@babel/core": "^7.13.8",
          "@babel/plugin-transform-typescript": "^7.9.6",
          "@babel/preset-env": "^7.13.9",
          "@babel/preset-typescript": "^7.13.0",
          "@babel/register": "^7.13.8",
          "@gooddata/catalog-export": "^8.4.0",
          "babel-plugin-add-module-exports": "^1.0.4",
          "cross-env": "^5.2.0",
          "enzyme": "^3.10.0",
          "enzyme-adapter-react-16": "^1.14.0",
          "husky": "^3.0.0",
          "node-sass": "^4.13.1",
          "prettier": "^1.18.2",
          "pretty-quick": "^1.11.1",
          "serve": "^11.3.2",
          "testcafe": "^1.5.0",
          "typescript": "^4.1.5"
      },
      "husky": {
          "hooks": {
              "pre-commit": "pretty-quick --staged --pattern \"**/*.*(js|jsx|ts|tsx|scss)\""
          }
      }
  }

yarn manifest: 
  No manifest

Lockfile: 
  No lockfile
